<?xml version="1.0" encoding="UTF-8"?>
<!-- Generated by org.testng.reporters.JUnitReportReporter -->
<testsuite skipped="0" hostname="LAPTOP-TMTGIELH" name="testsuites.BeforeandAfterSuite" tests="2" failures="0" timestamp="2020-05-02T12:05:57 IST" time="44.349" errors="0">
  <testcase name="loginClass" time="16.253" classname="testsuites.BeforeandAfterSuite"/>
  <testcase name="configureleave" time="28.096" classname="testsuites.BeforeandAfterSuite"/>
</testsuite> <!-- testsuites.BeforeandAfterSuite -->
