<?xml version="1.0" encoding="UTF-8"?>
<!-- Generated by org.testng.reporters.JUnitReportReporter -->
<testsuite skipped="0" hostname="LAPTOP-TMTGIELH" name="testsuites.Beforesuite" tests="1" failures="0" timestamp="2020-05-02T11:45:19 IST" time="64.066" errors="0">
  <testcase name="loginClass" time="64.066" classname="testsuites.Beforesuite"/>
</testsuite> <!-- testsuites.Beforesuite -->
